[debug] [2023-08-25T06:03:45.200Z] ----------------------------------------------------------------------
[debug] [2023-08-25T06:03:45.203Z] Command:       C:\Program Files\nodejs\node.exe C:\Users\Student\AppData\Roaming\npm\node_modules\firebase-tools\lib\bin\firebase.js init
[debug] [2023-08-25T06:03:45.203Z] CLI Version:   12.5.2
[debug] [2023-08-25T06:03:45.203Z] Platform:      win32
[debug] [2023-08-25T06:03:45.203Z] Node Version:  v20.1.0
[debug] [2023-08-25T06:03:45.203Z] Time:          Fri Aug 25 2023 08:03:45 GMT+0200 (South Africa Standard Time)
[debug] [2023-08-25T06:03:45.203Z] ----------------------------------------------------------------------
[debug] 
[debug] [2023-08-25T06:03:45.206Z] >>> [apiv2][query] GET https://firebase-public.firebaseio.com/cli.json [none]
[debug] [2023-08-25T06:03:45.243Z] > command requires scopes: ["email","openid","https://www.googleapis.com/auth/cloudplatformprojects.readonly","https://www.googleapis.com/auth/firebase","https://www.googleapis.com/auth/cloud-platform"]
[debug] [2023-08-25T06:03:45.243Z] > authorizing via signed-in user (asiphendimlana40@gmail.com)
[info] 
     ######## #### ########  ######## ########     ###     ######  ########
     ##        ##  ##     ## ##       ##     ##  ##   ##  ##       ##
     ######    ##  ########  ######   ########  #########  ######  ######
     ##        ##  ##    ##  ##       ##     ## ##     ##       ## ##
     ##       #### ##     ## ######## ########  ##     ##  ######  ########

You're about to initialize a Firebase project in this directory:

  C:\Users\Student\Development\August\NodeJS_EOMP

[debug] [2023-08-25T06:03:45.893Z] <<< [apiv2][status] GET https://firebase-public.firebaseio.com/cli.json 200
[debug] [2023-08-25T06:03:45.893Z] <<< [apiv2][body] GET https://firebase-public.firebaseio.com/cli.json {"cloudBuildErrorAfter":1594252800000,"cloudBuildWarnAfter":1590019200000,"defaultNode10After":1594252800000,"minVersion":"3.0.5","node8DeploysDisabledAfter":1613390400000,"node8RuntimeDisabledAfter":1615809600000,"node8WarnAfter":1600128000000}
